<graphml></graphml>
<graph></graph>
<node id="0"></node>
<data key="x"></data>
<data key="y">-128.000000000</data>
<data>-106.000000000</data>
<node id="1"></node>
<data></data>
<data>-152.000000000</data>
<data>12.000000000</data>
<node id="2"></node>
<data></data>
<data>-54.000000000</data>
<data>46.000000000</data>
<node id="3"></node>
<data></data>
<data>58.000000000</data>
<data>23.000000000</data>
<node id="4"></node>
<data></data>
<data>65.000000000</data>
<data>-40.000000000</data>
<node id="5"></node>
<data></data>
<data>-25.000000000</data>
<data>-89.000000000</data>
